-------------------------------------------------------------------------------
Test set: com.lucescoRetail.OrderApi.OrderApiApplicationTests
-------------------------------------------------------------------------------
Tests run: 1, Failures: 0, Errors: 1, Skipped: 0, Time elapsed: 0.766 s <<< FAILURE! - in com.lucescoRetail.OrderApi.OrderApiApplicationTests
contextLoads  Time elapsed: 0.007 s  <<< ERROR!
java.lang.IllegalStateException: Failed to load ApplicationContext
Caused by: java.lang.IllegalStateException: Unable to load config data from 'configserver:http://localhost:9296'
Caused by: java.lang.IllegalStateException: File extension is not known to any PropertySourceLoader. If the location is meant to reference a directory, it must end in '/' or File.separator

